<?xml version="1.0" encoding="UTF-8"?>
<!-- Generated by org.testng.reporters.JUnitXMLReporter -->
<testsuite ignored="0" hostname="md2f9j9c" failures="0" tests="4" name="Test" time="9.737" errors="0" timestamp="2021-08-26T11:44:52 IST">
  <testcase classname="Academy.E2EProject.HomePage" name="basePageNavigation" time="2.18"/>
  <testcase classname="Academy.E2EProject.HomePage" name="basePageNavigation" time="1.53"/>
  <testcase classname="Academy.E2EProject.validateNavigationBar" name="basePageNavigation" time="0.09"/>
  <testcase classname="Academy.E2EProject.validateTitle" name="basePageNavigation" time="0.072"/>
</testsuite> <!-- Test -->
