<?xml version="1.0" encoding="UTF-8" ?>
<testsuite tests="4" failures="1" name="TestSuite" time="3.731" errors="0" skipped="0">
  <properties>
[...]
</properties>
  <testcase classname="Academy.E2EProject.HomePageTest" name="basePageNavigation" time="2.192"/>
  <testcase classname="Academy.E2EProject.HomePageTest" name="basePageNavigation" time="1.421"/>
  <testcase classname="Academy.E2EProject.validateNavigationBarTest" name="basePageNavigation" time="0.08"/>
  <testcase classname="Academy.E2EProject.validateTitleTest" name="basePageNavigationTitle" time="0.038">
    <failure message="expected [true] but found [false]" type="java.lang.AssertionError">java.lang.AssertionError: expected [true] but found [false]
	at org.testng.Assert.fail(Assert.java:99)
	at org.testng.Assert.failNotEquals(Assert.java:1037)
	at org.testng.Assert.assertTrue(Assert.java:45)
	at org.testng.Assert.assertTrue(Assert.java:55)
	at Academy.E2EProject.validateTitleTest.basePageNavigationTitle(validateTitleTest.java:36)
</failure>
  </testcase>
</testsuite>