<?xml version="1.0" encoding="UTF-8"?>
<testng-results ignored="0" total="1" passed="1" failed="0" skipped="0">
  <reporter-output>
  </reporter-output>
  <suite started-at="2021-08-27T07:15:25 IST" name="Default suite" finished-at="2021-08-27T07:15:35 IST" duration-ms="9139">
    <groups>
    </groups>
    <test started-at="2021-08-27T07:15:25 IST" name="Default test" finished-at="2021-08-27T07:15:35 IST" duration-ms="9139">
      <class name="Academy.E2EProject.WindowsAuthentication">
        <test-method signature="handleWindowsAuthentication()[pri:0, instance:Academy.E2EProject.WindowsAuthentication@10959ece]" started-at="2021-08-27T07:15:25 IST" name="handleWindowsAuthentication" finished-at="2021-08-27T07:15:35 IST" duration-ms="9111" status="PASS">
          <reporter-output>
          </reporter-output>
        </test-method> <!-- handleWindowsAuthentication -->
      </class> <!-- Academy.E2EProject.WindowsAuthentication -->
    </test> <!-- Default test -->
  </suite> <!-- Default suite -->
</testng-results>
