<?xml version="1.0" encoding="UTF-8"?>
<!-- Generated by org.testng.reporters.JUnitXMLReporter -->
<testsuite ignored="0" hostname="md2f9j9c" failures="0" tests="4" name="Test" time="4.26" errors="0" timestamp="2021-08-26T12:19:38 IST">
  <testcase classname="Academy.E2EProject.validateTitleTest" name="@BeforeTest initialize" time="0.782">
    <failure type="java.lang.IllegalAccessError" message="class Academy.E2EProject.validateTitleTest (in unnamed module @0x3551a94) cannot access class jdk.internal.org.jline.utils.Log (in module jdk.internal.le) because module jdk.internal.le does not export jdk.internal.org.jline.utils to unnamed module @0x3551a94">
      <![CDATA[java.lang.IllegalAccessError: class Academy.E2EProject.validateTitleTest (in unnamed module @0x3551a94) cannot access class jdk.internal.org.jline.utils.Log (in module jdk.internal.le) because module jdk.internal.le does not export jdk.internal.org.jline.utils to unnamed module @0x3551a94
at Academy.E2EProject.validateTitleTest.initialize(validateTitleTest.java:27)
... Removed 24 stack frames]]>
    </failure>
  </testcase> <!-- @BeforeTest initialize -->
  <testcase classname="Academy.E2EProject.HomePageTest" name="@AfterTest teardown" time="-1.629960578054E9">
    <skipped/>
  </testcase> <!-- @AfterTest teardown -->
  <testcase classname="Academy.E2EProject.validateNavigationBarTest" name="@AfterTest teardown" time="-1.629960578055E9">
    <skipped/>
  </testcase> <!-- @AfterTest teardown -->
  <testcase classname="Academy.E2EProject.validateTitleTest" name="@AfterTest teardown" time="-1.629960578055E9">
    <skipped/>
  </testcase> <!-- @AfterTest teardown -->
  <testcase classname="Academy.E2EProject.HomePageTest" name="basePageNavigation" time="0.0">
    <skipped/>
  </testcase> <!-- basePageNavigation -->
  <testcase classname="Academy.E2EProject.HomePageTest" name="basePageNavigation" time="0.0">
    <skipped/>
  </testcase> <!-- basePageNavigation -->
  <testcase classname="Academy.E2EProject.validateTitleTest" name="basePageNavigation" time="0.0">
    <skipped/>
  </testcase> <!-- basePageNavigation -->
  <testcase classname="Academy.E2EProject.validateNavigationBarTest" name="basePageNavigation" time="0.0">
    <skipped/>
  </testcase> <!-- basePageNavigation -->
</testsuite> <!-- Test -->
